# JRE version: OpenJDK Runtime Environment Corretto-17.0.10.7.1 (17.0.10+7) (build 17.0.10+7-LTS)
# Java VM: OpenJDK 64-Bit Server VM Corretto-17.0.10.7.1 (17.0.10+7-LTS, mixed mode, sharing, tiered, compressed oops, compressed class ptrs, g1 gc, windows-amd64)
GC Precious Log:
 CPUs: 4 total, 4 available
 Memory: 8072M
 Large Page Support: Disabled
 NUMA Support: Disabled
 Compressed Oops: Enabled (32-bit)
 Heap Region Size: 1M
 Heap Min Capacity: 8M
 Heap Initial Capacity: 128M
 Heap Max Capacity: 2020M
 Pre-touch: Disabled
 Parallel Workers: 4
 Concurrent Workers: 1
 Concurrent Refinement Workers: 4
 Periodic GC: Disabled
Heap:
 garbage-first heap   total 53248K, used 35469K [0x0000000081c00000, 0x0000000100000000)
  region size 1024K, 16 young (16384K), 2 survivors (2048K)
 Metaspace       used 54433K, committed 54912K, reserved 1114112K
  class space    used 7318K, committed 7552K, reserved 1048576K
GC Heap History (20 events):
Event: 1.205 GC heap before
{Heap before GC invocations=0 (full 0):
 garbage-first heap   total 131072K, used 13312K [0x0000000081c00000, 0x0000000100000000)
  region size 1024K, 13 young (13312K), 0 survivors (0K)
 Metaspace       used 3361K, committed 3520K, reserved 1114112K
  class space    used 343K, committed 448K, reserved 1048576K
}
Event: 1.213 GC heap after
{Heap after GC invocations=1 (full 0):
 garbage-first heap   total 131072K, used 5884K [0x0000000081c00000, 0x0000000100000000)
  region size 1024K, 2 young (2048K), 2 survivors (2048K)
 Metaspace       used 3361K, committed 3520K, reserved 1114112K
  class space    used 343K, committed 448K, reserved 1048576K
}
Event: 1.977 GC heap before
{Heap before GC invocations=1 (full 0):
 garbage-first heap   total 131072K, used 16124K [0x0000000081c00000, 0x0000000100000000)
  region size 1024K, 12 young (12288K), 2 survivors (2048K)
 Metaspace       used 6521K, committed 6720K, reserved 1114112K
  class space    used 761K, committed 832K, reserved 1048576K
}
Event: 1.986 GC heap after
{Heap after GC invocations=2 (full 0):
 garbage-first heap   total 131072K, used 7348K [0x0000000081c00000, 0x0000000100000000)
  region size 1024K, 2 young (2048K), 2 survivors (2048K)
 Metaspace       used 6521K, committed 6720K, reserved 1114112K
  class space    used 761K, committed 832K, reserved 1048576K
}
Event: 3.074 GC heap before
{Heap before GC invocations=2 (full 0):
 garbage-first heap   total 131072K, used 26804K [0x0000000081c00000, 0x0000000100000000)
  region size 1024K, 22 young (22528K), 2 survivors (2048K)
 Metaspace       used 11858K, committed 12096K, reserved 1114112K
  class space    used 1404K, committed 1472K, reserved 1048576K
}
Event: 3.083 GC heap after
{Heap after GC invocations=3 (full 0):
 garbage-first heap   total 131072K, used 9078K [0x0000000081c00000, 0x0000000100000000)
  region size 1024K, 3 young (3072K), 3 survivors (3072K)
 Metaspace       used 11858K, committed 12096K, reserved 1114112K
  class space    used 1404K, committed 1472K, reserved 1048576K
}
Event: 7.212 GC heap before
{Heap before GC invocations=3 (full 0):
 garbage-first heap   total 131072K, used 62326K [0x0000000081c00000, 0x0000000100000000)
  region size 1024K, 57 young (58368K), 3 survivors (3072K)
 Metaspace       used 21294K, committed 21504K, reserved 1114112K
  class space    used 2638K, committed 2752K, reserved 1048576K
}
Event: 7.239 GC heap after
{Heap after GC invocations=4 (full 0):
 garbage-first heap   total 131072K, used 13418K [0x0000000081c00000, 0x0000000100000000)
  region size 1024K, 8 young (8192K), 8 survivors (8192K)
 Metaspace       used 21294K, committed 21504K, reserved 1114112K
  class space    used 2638K, committed 2752K, reserved 1048576K
}
Event: 10.804 GC heap before
{Heap before GC invocations=5 (full 0):
 garbage-first heap   total 51200K, used 40042K [0x0000000081c00000, 0x0000000100000000)
  region size 1024K, 35 young (35840K), 8 survivors (8192K)
 Metaspace       used 27341K, committed 27712K, reserved 1114112K
  class space    used 3465K, committed 3648K, reserved 1048576K
}
Event: 10.854 GC heap after
{Heap after GC invocations=6 (full 0):
 garbage-first heap   total 53248K, used 16515K [0x0000000081c00000, 0x0000000100000000)
  region size 1024K, 8 young (8192K), 8 survivors (8192K)
 Metaspace       used 27341K, committed 27712K, reserved 1114112K
  class space    used 3465K, committed 3648K, reserved 1048576K
}
Event: 13.521 GC heap before
{Heap before GC invocations=6 (full 0):
 garbage-first heap   total 53248K, used 35971K [0x0000000081c00000, 0x0000000100000000)
  region size 1024K, 27 young (27648K), 8 survivors (8192K)
 Metaspace       used 31489K, committed 31936K, reserved 1114112K
  class space    used 4058K, committed 4288K, reserved 1048576K
}
Event: 13.539 GC heap after
{Heap after GC invocations=7 (full 0):
 garbage-first heap   total 53248K, used 17580K [0x0000000081c00000, 0x0000000100000000)
  region size 1024K, 2 young (2048K), 2 survivors (2048K)
 Metaspace       used 31489K, committed 31936K, reserved 1114112K
  class space    used 4058K, committed 4288K, reserved 1048576K
}
Event: 15.860 GC heap before
{Heap before GC invocations=7 (full 0):
 garbage-first heap   total 53248K, used 31916K [0x0000000081c00000, 0x0000000100000000)
  region size 1024K, 18 young (18432K), 2 survivors (2048K)
 Metaspace       used 35661K, committed 36096K, reserved 1114112K
  class space    used 4663K, committed 4864K, reserved 1048576K
}
Event: 15.869 GC heap after
{Heap after GC invocations=8 (full 0):
 garbage-first heap   total 53248K, used 18434K [0x0000000081c00000, 0x0000000100000000)
  region size 1024K, 3 young (3072K), 3 survivors (3072K)
 Metaspace       used 35661K, committed 36096K, reserved 1114112K
  class space    used 4663K, committed 4864K, reserved 1048576K
}
Event: 17.972 GC heap before
{Heap before GC invocations=9 (full 0):
 garbage-first heap   total 53248K, used 38914K [0x0000000081c00000, 0x0000000100000000)
  region size 1024K, 23 young (23552K), 3 survivors (3072K)
 Metaspace       used 41301K, committed 41728K, reserved 1114112K
  class space    used 5387K, committed 5568K, reserved 1048576K
}
Event: 17.989 GC heap after
{Heap after GC invocations=10 (full 0):
 garbage-first heap   total 53248K, used 20426K [0x0000000081c00000, 0x0000000100000000)
  region size 1024K, 3 young (3072K), 3 survivors (3072K)
 Metaspace       used 41301K, committed 41728K, reserved 1114112K
  class space    used 5387K, committed 5568K, reserved 1048576K
}
Event: 19.777 GC heap before
{Heap before GC invocations=10 (full 0):
 garbage-first heap   total 53248K, used 38858K [0x0000000081c00000, 0x0000000100000000)
  region size 1024K, 22 young (22528K), 3 survivors (3072K)
 Metaspace       used 47341K, committed 47744K, reserved 1114112K
  class space    used 6262K, committed 6464K, reserved 1048576K
}
Event: 19.798 GC heap after
{Heap after GC invocations=11 (full 0):
 garbage-first heap   total 53248K, used 21519K [0x0000000081c00000, 0x0000000100000000)
  region size 1024K, 1 young (1024K), 1 survivors (1024K)
 Metaspace       used 47341K, committed 47744K, reserved 1114112K
  class space    used 6262K, committed 6464K, reserved 1048576K
}
Event: 21.778 GC heap before
{Heap before GC invocations=11 (full 0):
 garbage-first heap   total 53248K, used 39951K [0x0000000081c00000, 0x0000000100000000)
  region size 1024K, 19 young (19456K), 1 survivors (1024K)
 Metaspace       used 51666K, committed 52160K, reserved 1114112K
  class space    used 6990K, committed 7168K, reserved 1048576K
}
Event: 21.787 GC heap after
{Heap after GC invocations=12 (full 0):
 garbage-first heap   total 53248K, used 22157K [0x0000000081c00000, 0x0000000100000000)
  region size 1024K, 2 young (2048K), 2 survivors (2048K)
 Metaspace       used 51666K, committed 52160K, reserved 1114112K
  class space    used 6990K, committed 7168K, reserved 1048576K
}

