# JRE version: OpenJDK Runtime Environment Corretto-17.0.10.7.1 (17.0.10+7) (build 17.0.10+7-LTS)
# Java VM: OpenJDK 64-Bit Server VM Corretto-17.0.10.7.1 (17.0.10+7-LTS, mixed mode, sharing, tiered, compressed oops, compressed class ptrs, g1 gc, windows-amd64)
GC Precious Log:
 CPUs: 4 total, 4 available
 Memory: 8072M
 Large Page Support: Disabled
 NUMA Support: Disabled
 Compressed Oops: Enabled (32-bit)
 Heap Region Size: 1M
 Heap Min Capacity: 8M
 Heap Initial Capacity: 128M
 Heap Max Capacity: 2020M
 Pre-touch: Disabled
 Parallel Workers: 4
 Concurrent Workers: 1
 Concurrent Refinement Workers: 4
 Periodic GC: Disabled
Heap:
 garbage-first heap   total 92160K, used 49630K [0x0000000081c00000, 0x0000000100000000)
  region size 1024K, 30 young (30720K), 1 survivors (1024K)
 Metaspace       used 52851K, committed 53376K, reserved 1114112K
  class space    used 7131K, committed 7360K, reserved 1048576K
GC Heap History (20 events):
Event: 1.203 GC heap before
{Heap before GC invocations=1 (full 0):
 garbage-first heap   total 131072K, used 16197K [0x0000000081c00000, 0x0000000100000000)
  region size 1024K, 12 young (12288K), 2 survivors (2048K)
 Metaspace       used 6574K, committed 6784K, reserved 1114112K
  class space    used 772K, committed 896K, reserved 1048576K
}
Event: 1.208 GC heap after
{Heap after GC invocations=2 (full 0):
 garbage-first heap   total 131072K, used 7254K [0x0000000081c00000, 0x0000000100000000)
  region size 1024K, 2 young (2048K), 2 survivors (2048K)
 Metaspace       used 6574K, committed 6784K, reserved 1114112K
  class space    used 772K, committed 896K, reserved 1048576K
}
Event: 1.844 GC heap before
{Heap before GC invocations=2 (full 0):
 garbage-first heap   total 131072K, used 30806K [0x0000000081c00000, 0x0000000100000000)
  region size 1024K, 26 young (26624K), 2 survivors (2048K)
 Metaspace       used 12895K, committed 13120K, reserved 1114112K
  class space    used 1559K, committed 1664K, reserved 1048576K
}
Event: 1.850 GC heap after
{Heap after GC invocations=3 (full 0):
 garbage-first heap   total 131072K, used 9186K [0x0000000081c00000, 0x0000000100000000)
  region size 1024K, 4 young (4096K), 4 survivors (4096K)
 Metaspace       used 12895K, committed 13120K, reserved 1114112K
  class space    used 1559K, committed 1664K, reserved 1048576K
}
Event: 3.564 GC heap before
{Heap before GC invocations=3 (full 0):
 garbage-first heap   total 131072K, used 58338K [0x0000000081c00000, 0x0000000100000000)
  region size 1024K, 54 young (55296K), 4 survivors (4096K)
 Metaspace       used 21320K, committed 21504K, reserved 1114112K
  class space    used 2658K, committed 2752K, reserved 1048576K
}
Event: 3.578 GC heap after
{Heap after GC invocations=4 (full 0):
 garbage-first heap   total 131072K, used 13344K [0x0000000081c00000, 0x0000000100000000)
  region size 1024K, 8 young (8192K), 8 survivors (8192K)
 Metaspace       used 21320K, committed 21504K, reserved 1114112K
  class space    used 2658K, committed 2752K, reserved 1048576K
}
Event: 4.528 GC heap before
{Heap before GC invocations=5 (full 0):
 garbage-first heap   total 51200K, used 35872K [0x0000000081c00000, 0x0000000100000000)
  region size 1024K, 30 young (30720K), 8 survivors (8192K)
 Metaspace       used 26047K, committed 26432K, reserved 1114112K
  class space    used 3332K, committed 3520K, reserved 1048576K
}
Event: 4.552 GC heap after
{Heap after GC invocations=6 (full 0):
 garbage-first heap   total 51200K, used 15857K [0x0000000081c00000, 0x0000000100000000)
  region size 1024K, 3 young (3072K), 3 survivors (3072K)
 Metaspace       used 26047K, committed 26432K, reserved 1114112K
  class space    used 3332K, committed 3520K, reserved 1048576K
}
Event: 4.606 GC heap before
{Heap before GC invocations=6 (full 0):
 garbage-first heap   total 51200K, used 15857K [0x0000000081c00000, 0x0000000100000000)
  region size 1024K, 4 young (4096K), 3 survivors (3072K)
 Metaspace       used 26384K, committed 26752K, reserved 1114112K
  class space    used 3366K, committed 3520K, reserved 1048576K
}
Event: 4.617 GC heap after
{Heap after GC invocations=7 (full 0):
 garbage-first heap   total 51200K, used 16029K [0x0000000081c00000, 0x0000000100000000)
  region size 1024K, 1 young (1024K), 1 survivors (1024K)
 Metaspace       used 26384K, committed 26752K, reserved 1114112K
  class space    used 3366K, committed 3520K, reserved 1048576K
}
Event: 5.392 GC heap before
{Heap before GC invocations=7 (full 0):
 garbage-first heap   total 51200K, used 36509K [0x0000000081c00000, 0x0000000100000000)
  region size 1024K, 21 young (21504K), 1 survivors (1024K)
 Metaspace       used 30775K, committed 31232K, reserved 1114112K
  class space    used 3884K, committed 4096K, reserved 1048576K
}
Event: 5.399 GC heap after
{Heap after GC invocations=8 (full 0):
 garbage-first heap   total 51200K, used 17408K [0x0000000081c00000, 0x0000000100000000)
  region size 1024K, 2 young (2048K), 2 survivors (2048K)
 Metaspace       used 30775K, committed 31232K, reserved 1114112K
  class space    used 3884K, committed 4096K, reserved 1048576K
}
Event: 6.128 GC heap before
{Heap before GC invocations=8 (full 0):
 garbage-first heap   total 51200K, used 33792K [0x0000000081c00000, 0x0000000100000000)
  region size 1024K, 20 young (20480K), 2 survivors (2048K)
 Metaspace       used 35759K, committed 36160K, reserved 1114112K
  class space    used 4515K, committed 4672K, reserved 1048576K
}
Event: 6.133 GC heap after
{Heap after GC invocations=9 (full 0):
 garbage-first heap   total 51200K, used 19363K [0x0000000081c00000, 0x0000000100000000)
  region size 1024K, 2 young (2048K), 2 survivors (2048K)
 Metaspace       used 35759K, committed 36160K, reserved 1114112K
  class space    used 4515K, committed 4672K, reserved 1048576K
}
Event: 6.963 GC heap before
{Heap before GC invocations=10 (full 0):
 garbage-first heap   total 51200K, used 36771K [0x0000000081c00000, 0x0000000100000000)
  region size 1024K, 20 young (20480K), 2 survivors (2048K)
 Metaspace       used 40678K, committed 41152K, reserved 1114112K
  class space    used 5316K, committed 5504K, reserved 1048576K
}
Event: 6.968 GC heap after
{Heap after GC invocations=11 (full 0):
 garbage-first heap   total 51200K, used 20281K [0x0000000081c00000, 0x0000000100000000)
  region size 1024K, 1 young (1024K), 1 survivors (1024K)
 Metaspace       used 40678K, committed 41152K, reserved 1114112K
  class space    used 5316K, committed 5504K, reserved 1048576K
}
Event: 7.015 GC heap before
{Heap before GC invocations=11 (full 0):
 garbage-first heap   total 51200K, used 21305K [0x0000000081c00000, 0x0000000100000000)
  region size 1024K, 2 young (2048K), 1 survivors (1024K)
 Metaspace       used 40949K, committed 41344K, reserved 1114112K
  class space    used 5350K, committed 5504K, reserved 1048576K
}
Event: 7.019 GC heap after
{Heap after GC invocations=12 (full 0):
 garbage-first heap   total 51200K, used 20251K [0x0000000081c00000, 0x0000000100000000)
  region size 1024K, 1 young (1024K), 1 survivors (1024K)
 Metaspace       used 40949K, committed 41344K, reserved 1114112K
  class space    used 5350K, committed 5504K, reserved 1048576K
}
Event: 7.825 GC heap before
{Heap before GC invocations=12 (full 0):
 garbage-first heap   total 51200K, used 36635K [0x0000000081c00000, 0x0000000100000000)
  region size 1024K, 18 young (18432K), 1 survivors (1024K)
 Metaspace       used 46471K, committed 46976K, reserved 1114112K
  class space    used 6144K, committed 6400K, reserved 1048576K
}
Event: 7.828 GC heap after
{Heap after GC invocations=13 (full 0):
 garbage-first heap   total 92160K, used 20958K [0x0000000081c00000, 0x0000000100000000)
  region size 1024K, 1 young (1024K), 1 survivors (1024K)
 Metaspace       used 46471K, committed 46976K, reserved 1114112K
  class space    used 6144K, committed 6400K, reserved 1048576K
}

